CRITICAL - 2023-06-12 03:18:17 --> Undefined variable $page
in APPPATH\Views\template\admin_header.php on line 17.
 1 APPPATH\Views\template\admin_header.php(17): CodeIgniter\Debug\Exceptions->errorHandler(2, 'Undefined variable $page', 'C:\\xampp\\htdocs\\lab7_php_ci\\ci4\\app\\Views\\template\\admin_header.php', 17)
 2 SYSTEMPATH\View\View.php(213): include('C:\\xampp\\htdocs\\lab7_php_ci\\ci4\\app\\Views\\template\\admin_header.php')
 3 SYSTEMPATH\View\View.php(216): CodeIgniter\View\View->CodeIgniter\View\{closure}()
 4 SYSTEMPATH\View\View.php(431): CodeIgniter\View\View->render('template/admin_header', null, true)
 5 APPPATH\Views\artikel\admin_index.php(1): CodeIgniter\View\View->include('template/admin_header')
 6 SYSTEMPATH\View\View.php(213): include('C:\\xampp\\htdocs\\lab7_php_ci\\ci4\\app\\Views\\artikel\\admin_index.php')
 7 SYSTEMPATH\View\View.php(216): CodeIgniter\View\View->CodeIgniter\View\{closure}()
 8 SYSTEMPATH\Common.php(1184): CodeIgniter\View\View->render('artikel/admin_index', [], true)
 9 APPPATH\Controllers\Artikel.php(43): view('artikel/admin_index', [...])
10 SYSTEMPATH\CodeIgniter.php(934): App\Controllers\Artikel->admin_index()
11 SYSTEMPATH\CodeIgniter.php(499): CodeIgniter\CodeIgniter->runController(Object(App\Controllers\Artikel))
12 SYSTEMPATH\CodeIgniter.php(368): CodeIgniter\CodeIgniter->handleRequest(null, Object(Config\Cache), false)
13 FCPATH\index.php(67): CodeIgniter\CodeIgniter->run()
14 SYSTEMPATH\Commands\Server\rewrite.php(47): require_once('C:\\xampp\\htdocs\\lab7_php_ci\\ci4\\public\\index.php')
INFO - 2023-06-12 03:19:46 --> Session: Class initialized using 'CodeIgniter\Session\Handlers\FileHandler' driver.
CRITICAL - 2023-06-12 03:19:46 --> Undefined variable $page
in APPPATH\Views\template\admin_header.php on line 17.
 1 APPPATH\Views\template\admin_header.php(17): CodeIgniter\Debug\Exceptions->errorHandler(2, 'Undefined variable $page', 'C:\\xampp\\htdocs\\lab7_php_ci\\ci4\\app\\Views\\template\\admin_header.php', 17)
 2 SYSTEMPATH\View\View.php(213): include('C:\\xampp\\htdocs\\lab7_php_ci\\ci4\\app\\Views\\template\\admin_header.php')
 3 SYSTEMPATH\View\View.php(216): CodeIgniter\View\View->CodeIgniter\View\{closure}()
 4 SYSTEMPATH\View\View.php(431): CodeIgniter\View\View->render('template/admin_header', null, true)
 5 APPPATH\Views\artikel\admin_index.php(1): CodeIgniter\View\View->include('template/admin_header')
 6 SYSTEMPATH\View\View.php(213): include('C:\\xampp\\htdocs\\lab7_php_ci\\ci4\\app\\Views\\artikel\\admin_index.php')
 7 SYSTEMPATH\View\View.php(216): CodeIgniter\View\View->CodeIgniter\View\{closure}()
 8 SYSTEMPATH\Common.php(1184): CodeIgniter\View\View->render('artikel/admin_index', [], true)
 9 APPPATH\Controllers\Artikel.php(43): view('artikel/admin_index', [...])
10 SYSTEMPATH\CodeIgniter.php(934): App\Controllers\Artikel->admin_index()
11 SYSTEMPATH\CodeIgniter.php(499): CodeIgniter\CodeIgniter->runController(Object(App\Controllers\Artikel))
12 SYSTEMPATH\CodeIgniter.php(368): CodeIgniter\CodeIgniter->handleRequest(null, Object(Config\Cache), false)
13 FCPATH\index.php(67): CodeIgniter\CodeIgniter->run()
14 SYSTEMPATH\Commands\Server\rewrite.php(47): require_once('C:\\xampp\\htdocs\\lab7_php_ci\\ci4\\public\\index.php')
INFO - 2023-06-12 03:40:21 --> Session: Class initialized using 'CodeIgniter\Session\Handlers\FileHandler' driver.
INFO - 2023-06-12 04:07:05 --> Session: Class initialized using 'CodeIgniter\Session\Handlers\FileHandler' driver.
INFO - 2023-06-12 04:09:33 --> Session: Class initialized using 'CodeIgniter\Session\Handlers\FileHandler' driver.
CRITICAL - 2023-06-12 04:09:33 --> Undefined variable $q
in APPPATH\Views\artikel\admin_index.php on line 82.
 1 APPPATH\Views\artikel\admin_index.php(82): CodeIgniter\Debug\Exceptions->errorHandler(2, 'Undefined variable $q', 'C:\\xampp\\htdocs\\lab7_php_ci\\ci4\\app\\Views\\artikel\\admin_index.php', 82)
 2 SYSTEMPATH\View\View.php(213): include('C:\\xampp\\htdocs\\lab7_php_ci\\ci4\\app\\Views\\artikel\\admin_index.php')
 3 SYSTEMPATH\View\View.php(216): CodeIgniter\View\View->CodeIgniter\View\{closure}()
 4 SYSTEMPATH\Common.php(1184): CodeIgniter\View\View->render('artikel/admin_index', [], true)
 5 APPPATH\Controllers\Artikel.php(43): view('artikel/admin_index', [...])
 6 SYSTEMPATH\CodeIgniter.php(934): App\Controllers\Artikel->admin_index()
 7 SYSTEMPATH\CodeIgniter.php(499): CodeIgniter\CodeIgniter->runController(Object(App\Controllers\Artikel))
 8 SYSTEMPATH\CodeIgniter.php(368): CodeIgniter\CodeIgniter->handleRequest(null, Object(Config\Cache), false)
 9 FCPATH\index.php(67): CodeIgniter\CodeIgniter->run()
10 SYSTEMPATH\Commands\Server\rewrite.php(47): require_once('C:\\xampp\\htdocs\\lab7_php_ci\\ci4\\public\\index.php')
INFO - 2023-06-12 04:15:11 --> Session: Class initialized using 'CodeIgniter\Session\Handlers\FileHandler' driver.
INFO - 2023-06-12 04:15:47 --> Session: Class initialized using 'CodeIgniter\Session\Handlers\FileHandler' driver.
CRITICAL - 2023-06-12 04:15:47 --> Undefined variable $q
in APPPATH\Views\artikel\admin_index.php on line 3.
 1 APPPATH\Views\artikel\admin_index.php(3): CodeIgniter\Debug\Exceptions->errorHandler(2, 'Undefined variable $q', 'C:\\xampp\\htdocs\\lab7_php_ci\\ci4\\app\\Views\\artikel\\admin_index.php', 3)
 2 SYSTEMPATH\View\View.php(213): include('C:\\xampp\\htdocs\\lab7_php_ci\\ci4\\app\\Views\\artikel\\admin_index.php')
 3 SYSTEMPATH\View\View.php(216): CodeIgniter\View\View->CodeIgniter\View\{closure}()
 4 SYSTEMPATH\Common.php(1184): CodeIgniter\View\View->render('artikel/admin_index', [], true)
 5 APPPATH\Controllers\Artikel.php(43): view('artikel/admin_index', [...])
 6 SYSTEMPATH\CodeIgniter.php(934): App\Controllers\Artikel->admin_index()
 7 SYSTEMPATH\CodeIgniter.php(499): CodeIgniter\CodeIgniter->runController(Object(App\Controllers\Artikel))
 8 SYSTEMPATH\CodeIgniter.php(368): CodeIgniter\CodeIgniter->handleRequest(null, Object(Config\Cache), false)
 9 FCPATH\index.php(67): CodeIgniter\CodeIgniter->run()
10 SYSTEMPATH\Commands\Server\rewrite.php(47): require_once('C:\\xampp\\htdocs\\lab7_php_ci\\ci4\\public\\index.php')
INFO - 2023-06-12 04:18:50 --> Session: Class initialized using 'CodeIgniter\Session\Handlers\FileHandler' driver.
CRITICAL - 2023-06-12 04:18:50 --> Undefined variable $q
in APPPATH\Views\artikel\admin_index.php on line 3.
 1 APPPATH\Views\artikel\admin_index.php(3): CodeIgniter\Debug\Exceptions->errorHandler(2, 'Undefined variable $q', 'C:\\xampp\\htdocs\\lab7_php_ci\\ci4\\app\\Views\\artikel\\admin_index.php', 3)
 2 SYSTEMPATH\View\View.php(213): include('C:\\xampp\\htdocs\\lab7_php_ci\\ci4\\app\\Views\\artikel\\admin_index.php')
 3 SYSTEMPATH\View\View.php(216): CodeIgniter\View\View->CodeIgniter\View\{closure}()
 4 SYSTEMPATH\Common.php(1184): CodeIgniter\View\View->render('artikel/admin_index', [], true)
 5 APPPATH\Controllers\Artikel.php(43): view('artikel/admin_index', [...])
 6 SYSTEMPATH\CodeIgniter.php(934): App\Controllers\Artikel->admin_index()
 7 SYSTEMPATH\CodeIgniter.php(499): CodeIgniter\CodeIgniter->runController(Object(App\Controllers\Artikel))
 8 SYSTEMPATH\CodeIgniter.php(368): CodeIgniter\CodeIgniter->handleRequest(null, Object(Config\Cache), false)
 9 FCPATH\index.php(67): CodeIgniter\CodeIgniter->run()
10 SYSTEMPATH\Commands\Server\rewrite.php(47): require_once('C:\\xampp\\htdocs\\lab7_php_ci\\ci4\\public\\index.php')
INFO - 2023-06-12 04:18:51 --> Session: Class initialized using 'CodeIgniter\Session\Handlers\FileHandler' driver.
CRITICAL - 2023-06-12 04:18:51 --> Undefined variable $q
in APPPATH\Views\artikel\admin_index.php on line 3.
 1 APPPATH\Views\artikel\admin_index.php(3): CodeIgniter\Debug\Exceptions->errorHandler(2, 'Undefined variable $q', 'C:\\xampp\\htdocs\\lab7_php_ci\\ci4\\app\\Views\\artikel\\admin_index.php', 3)
 2 SYSTEMPATH\View\View.php(213): include('C:\\xampp\\htdocs\\lab7_php_ci\\ci4\\app\\Views\\artikel\\admin_index.php')
 3 SYSTEMPATH\View\View.php(216): CodeIgniter\View\View->CodeIgniter\View\{closure}()
 4 SYSTEMPATH\Common.php(1184): CodeIgniter\View\View->render('artikel/admin_index', [], true)
 5 APPPATH\Controllers\Artikel.php(43): view('artikel/admin_index', [...])
 6 SYSTEMPATH\CodeIgniter.php(934): App\Controllers\Artikel->admin_index()
 7 SYSTEMPATH\CodeIgniter.php(499): CodeIgniter\CodeIgniter->runController(Object(App\Controllers\Artikel))
 8 SYSTEMPATH\CodeIgniter.php(368): CodeIgniter\CodeIgniter->handleRequest(null, Object(Config\Cache), false)
 9 FCPATH\index.php(67): CodeIgniter\CodeIgniter->run()
10 SYSTEMPATH\Commands\Server\rewrite.php(47): require_once('C:\\xampp\\htdocs\\lab7_php_ci\\ci4\\public\\index.php')
INFO - 2023-06-12 04:20:24 --> Session: Class initialized using 'CodeIgniter\Session\Handlers\FileHandler' driver.
INFO - 2023-06-12 04:22:17 --> Session: Class initialized using 'CodeIgniter\Session\Handlers\FileHandler' driver.
INFO - 2023-06-12 04:22:50 --> Session: Class initialized using 'CodeIgniter\Session\Handlers\FileHandler' driver.
INFO - 2023-06-12 04:23:32 --> Session: Class initialized using 'CodeIgniter\Session\Handlers\FileHandler' driver.
INFO - 2023-06-12 04:24:52 --> Session: Class initialized using 'CodeIgniter\Session\Handlers\FileHandler' driver.
INFO - 2023-06-12 04:24:55 --> Session: Class initialized using 'CodeIgniter\Session\Handlers\FileHandler' driver.
INFO - 2023-06-12 04:26:59 --> Session: Class initialized using 'CodeIgniter\Session\Handlers\FileHandler' driver.
INFO - 2023-06-12 04:27:33 --> Session: Class initialized using 'CodeIgniter\Session\Handlers\FileHandler' driver.
INFO - 2023-06-12 04:29:37 --> Session: Class initialized using 'CodeIgniter\Session\Handlers\FileHandler' driver.
INFO - 2023-06-12 04:30:07 --> Session: Class initialized using 'CodeIgniter\Session\Handlers\FileHandler' driver.
